2019-08-21 18:51:35,760 INFO com.company.EmployeeApplication [main] Starting EmployeeApplication on PDCLT01JK9YLQ2 with PID 47344 (C:\PageOne\workspace_poc\POC\spring-cloud-stream-rabbitmq-samples\target\classes started by P10481516 in C:\PageOne\workspace_poc\POC\spring-cloud-stream-rabbitmq-samples)
2019-08-21 18:51:35,764 INFO com.company.EmployeeApplication [main] No active profile set, falling back to default profiles: default
2019-08-21 18:51:40,033 INFO org.apache.catalina.core.StandardService [main] Starting service [Tomcat]
2019-08-21 18:51:40,035 INFO org.apache.catalina.core.StandardEngine [main] Starting Servlet Engine: Apache Tomcat/8.5.23
2019-08-21 18:51:40,277 INFO org.apache.catalina.core.ContainerBase.[Tomcat].[localhost].[/] [localhost-startStop-1] Initializing Spring embedded WebApplicationContext
2019-08-21 18:51:44,336 INFO com.company.EmployeeApplication [main] No active profile set, falling back to default profiles: default
2019-08-21 18:51:44,576 INFO com.company.EmployeeApplication [main] Started EmployeeApplication in 0.335 seconds (JVM running for 10.308)
2019-08-21 18:51:45,052 INFO com.company.EmployeeApplication [main] Started EmployeeApplication in 9.851 seconds (JVM running for 10.784)
2019-08-21 18:52:38,809 INFO org.apache.catalina.core.ContainerBase.[Tomcat].[localhost].[/] [http-nio-8080-exec-2] Initializing Spring FrameworkServlet 'dispatcherServlet'
2019-08-21 18:54:21,261 INFO com.company.EmployeeApplication [main] Starting EmployeeApplication on PDCLT01JK9YLQ2 with PID 13376 (C:\PageOne\workspace_poc\POC\spring-cloud-stream-rabbitmq-samples\target\classes started by P10481516 in C:\PageOne\workspace_poc\POC\spring-cloud-stream-rabbitmq-samples)
2019-08-21 18:54:21,267 INFO com.company.EmployeeApplication [main] No active profile set, falling back to default profiles: default
2019-08-21 18:54:25,927 INFO org.apache.catalina.core.StandardService [main] Starting service [Tomcat]
2019-08-21 18:54:25,929 INFO org.apache.catalina.core.StandardEngine [main] Starting Servlet Engine: Apache Tomcat/8.5.23
2019-08-21 18:54:26,255 INFO org.apache.catalina.core.ContainerBase.[Tomcat].[localhost].[/] [localhost-startStop-1] Initializing Spring embedded WebApplicationContext
2019-08-21 18:54:31,295 INFO com.company.EmployeeApplication [main] No active profile set, falling back to default profiles: default
2019-08-21 18:54:31,619 INFO com.company.EmployeeApplication [main] Started EmployeeApplication in 0.438 seconds (JVM running for 11.98)
2019-08-21 18:54:32,126 INFO com.company.EmployeeApplication [main] Started EmployeeApplication in 11.514 seconds (JVM running for 12.487)
2019-08-21 18:54:49,160 INFO org.apache.catalina.core.ContainerBase.[Tomcat].[localhost].[/] [http-nio-8080-exec-3] Initializing Spring FrameworkServlet 'dispatcherServlet'
2019-08-21 18:56:54,309 INFO com.company.EmployeeApplication [main] Starting EmployeeApplication on PDCLT01JK9YLQ2 with PID 49744 (C:\PageOne\workspace_poc\POC\spring-cloud-stream-rabbitmq-samples\target\classes started by P10481516 in C:\PageOne\workspace_poc\POC\spring-cloud-stream-rabbitmq-samples)
2019-08-21 18:56:54,313 INFO com.company.EmployeeApplication [main] No active profile set, falling back to default profiles: default
2019-08-21 18:56:59,356 INFO org.apache.catalina.core.StandardService [main] Starting service [Tomcat]
2019-08-21 18:56:59,359 INFO org.apache.catalina.core.StandardEngine [main] Starting Servlet Engine: Apache Tomcat/8.5.23
2019-08-21 18:56:59,772 INFO org.apache.catalina.core.ContainerBase.[Tomcat].[localhost].[/] [localhost-startStop-1] Initializing Spring embedded WebApplicationContext
2019-08-21 18:57:04,999 INFO com.company.EmployeeApplication [main] No active profile set, falling back to default profiles: default
2019-08-21 18:57:05,251 INFO com.company.EmployeeApplication [main] Started EmployeeApplication in 0.375 seconds (JVM running for 12.567)
2019-08-21 18:57:05,837 INFO com.company.EmployeeApplication [main] Started EmployeeApplication in 12.132 seconds (JVM running for 13.153)
2019-08-21 18:57:19,890 INFO org.apache.catalina.core.ContainerBase.[Tomcat].[localhost].[/] [http-nio-8080-exec-1] Initializing Spring FrameworkServlet 'dispatcherServlet'
2019-08-21 19:14:38,157 INFO com.company.EmployeeApplication [main] Starting EmployeeApplication on PDCLT01JK9YLQ2 with PID 4952 (C:\PageOne\workspace_poc\POC\spring-cloud-stream-rabbitmq-samples\target\classes started by P10481516 in C:\PageOne\workspace_poc\POC\spring-cloud-stream-rabbitmq-samples)
2019-08-21 19:14:38,163 INFO com.company.EmployeeApplication [main] No active profile set, falling back to default profiles: default
2019-08-21 19:14:43,053 INFO org.apache.catalina.core.StandardService [main] Starting service [Tomcat]
2019-08-21 19:14:43,055 INFO org.apache.catalina.core.StandardEngine [main] Starting Servlet Engine: Apache Tomcat/8.5.23
2019-08-21 19:14:43,408 INFO org.apache.catalina.core.ContainerBase.[Tomcat].[localhost].[/] [localhost-startStop-1] Initializing Spring embedded WebApplicationContext
2019-08-21 19:14:49,089 INFO com.company.EmployeeApplication [main] No active profile set, falling back to default profiles: default
2019-08-21 19:14:49,415 INFO com.company.EmployeeApplication [main] Started EmployeeApplication in 0.48 seconds (JVM running for 12.988)
2019-08-21 19:14:50,146 INFO com.company.EmployeeApplication [main] Started EmployeeApplication in 12.633 seconds (JVM running for 13.72)
2019-08-21 20:12:23,528 INFO com.company.EmployeeApplication [restartedMain] Starting EmployeeApplication on PDCLT01JK9YLQ2 with PID 1368 (C:\PageOne\workspace_poc\POC\spring-cloud-stream-rabbitmq-samples\target\classes started by P10481516 in C:\PageOne\workspace_poc\POC\spring-cloud-stream-rabbitmq-samples)
2019-08-21 20:12:23,533 INFO com.company.EmployeeApplication [restartedMain] No active profile set, falling back to default profiles: default
2019-08-21 20:12:29,862 INFO org.apache.catalina.core.StandardService [restartedMain] Starting service [Tomcat]
2019-08-21 20:12:29,868 INFO org.apache.catalina.core.StandardEngine [restartedMain] Starting Servlet Engine: Apache Tomcat/8.5.23
2019-08-21 20:12:30,278 INFO org.apache.catalina.core.ContainerBase.[Tomcat].[localhost].[/] [localhost-startStop-1] Initializing Spring embedded WebApplicationContext
2019-08-21 20:12:37,063 INFO com.company.EmployeeApplication [restartedMain] No active profile set, falling back to default profiles: default
2019-08-21 20:12:37,553 INFO com.company.EmployeeApplication [restartedMain] Started EmployeeApplication in 0.75 seconds (JVM running for 15.614)
2019-08-21 20:12:38,285 ERROR org.apache.coyote.http11.Http11NioProtocol [restartedMain] Failed to start end point associated with ProtocolHandler ["http-nio-8081"]
java.net.BindException: Address already in use: bind
	at sun.nio.ch.Net.bind0(Native Method)
	at sun.nio.ch.Net.bind(Unknown Source)
	at sun.nio.ch.Net.bind(Unknown Source)
	at sun.nio.ch.ServerSocketChannelImpl.bind(Unknown Source)
	at sun.nio.ch.ServerSocketAdaptor.bind(Unknown Source)
	at org.apache.tomcat.util.net.NioEndpoint.bind(NioEndpoint.java:210)
	at org.apache.tomcat.util.net.AbstractEndpoint.start(AbstractEndpoint.java:990)
	at org.apache.coyote.AbstractProtocol.start(AbstractProtocol.java:635)
	at org.apache.catalina.connector.Connector.startInternal(Connector.java:1022)
	at org.apache.catalina.util.LifecycleBase.start(LifecycleBase.java:150)
	at org.apache.catalina.core.StandardService.addConnector(StandardService.java:225)
	at org.springframework.boot.context.embedded.tomcat.TomcatEmbeddedServletContainer.addPreviouslyRemovedConnectors(TomcatEmbeddedServletContainer.java:250)
	at org.springframework.boot.context.embedded.tomcat.TomcatEmbeddedServletContainer.start(TomcatEmbeddedServletContainer.java:193)
	at org.springframework.boot.context.embedded.EmbeddedWebApplicationContext.startEmbeddedServletContainer(EmbeddedWebApplicationContext.java:297)
	at org.springframework.boot.context.embedded.EmbeddedWebApplicationContext.finishRefresh(EmbeddedWebApplicationContext.java:145)
	at org.springframework.context.support.AbstractApplicationContext.refresh(AbstractApplicationContext.java:546)
	at org.springframework.boot.context.embedded.EmbeddedWebApplicationContext.refresh(EmbeddedWebApplicationContext.java:122)
	at org.springframework.boot.SpringApplication.refresh(SpringApplication.java:693)
	at org.springframework.boot.SpringApplication.refreshContext(SpringApplication.java:360)
	at org.springframework.boot.SpringApplication.run(SpringApplication.java:303)
	at org.springframework.boot.SpringApplication.run(SpringApplication.java:1118)
	at org.springframework.boot.SpringApplication.run(SpringApplication.java:1107)
	at com.company.EmployeeApplication.main(EmployeeApplication.java:10)
	at sun.reflect.NativeMethodAccessorImpl.invoke0(Native Method)
	at sun.reflect.NativeMethodAccessorImpl.invoke(Unknown Source)
	at sun.reflect.DelegatingMethodAccessorImpl.invoke(Unknown Source)
	at java.lang.reflect.Method.invoke(Unknown Source)
	at org.springframework.boot.devtools.restart.RestartLauncher.run(RestartLauncher.java:49)
2019-08-21 20:12:38,288 ERROR org.apache.catalina.core.StandardService [restartedMain] Failed to start connector [Connector[HTTP/1.1-8081]]
org.apache.catalina.LifecycleException: Failed to start component [Connector[HTTP/1.1-8081]]
	at org.apache.catalina.util.LifecycleBase.start(LifecycleBase.java:167)
	at org.apache.catalina.core.StandardService.addConnector(StandardService.java:225)
	at org.springframework.boot.context.embedded.tomcat.TomcatEmbeddedServletContainer.addPreviouslyRemovedConnectors(TomcatEmbeddedServletContainer.java:250)
	at org.springframework.boot.context.embedded.tomcat.TomcatEmbeddedServletContainer.start(TomcatEmbeddedServletContainer.java:193)
	at org.springframework.boot.context.embedded.EmbeddedWebApplicationContext.startEmbeddedServletContainer(EmbeddedWebApplicationContext.java:297)
	at org.springframework.boot.context.embedded.EmbeddedWebApplicationContext.finishRefresh(EmbeddedWebApplicationContext.java:145)
	at org.springframework.context.support.AbstractApplicationContext.refresh(AbstractApplicationContext.java:546)
	at org.springframework.boot.context.embedded.EmbeddedWebApplicationContext.refresh(EmbeddedWebApplicationContext.java:122)
	at org.springframework.boot.SpringApplication.refresh(SpringApplication.java:693)
	at org.springframework.boot.SpringApplication.refreshContext(SpringApplication.java:360)
	at org.springframework.boot.SpringApplication.run(SpringApplication.java:303)
	at org.springframework.boot.SpringApplication.run(SpringApplication.java:1118)
	at org.springframework.boot.SpringApplication.run(SpringApplication.java:1107)
	at com.company.EmployeeApplication.main(EmployeeApplication.java:10)
	at sun.reflect.NativeMethodAccessorImpl.invoke0(Native Method)
	at sun.reflect.NativeMethodAccessorImpl.invoke(Unknown Source)
	at sun.reflect.DelegatingMethodAccessorImpl.invoke(Unknown Source)
	at java.lang.reflect.Method.invoke(Unknown Source)
	at org.springframework.boot.devtools.restart.RestartLauncher.run(RestartLauncher.java:49)
Caused by: org.apache.catalina.LifecycleException: service.getName(): "Tomcat";  Protocol handler start failed
	at org.apache.catalina.connector.Connector.startInternal(Connector.java:1031)
	at org.apache.catalina.util.LifecycleBase.start(LifecycleBase.java:150)
	... 18 common frames omitted
Caused by: java.net.BindException: Address already in use: bind
	at sun.nio.ch.Net.bind0(Native Method)
	at sun.nio.ch.Net.bind(Unknown Source)
	at sun.nio.ch.Net.bind(Unknown Source)
	at sun.nio.ch.ServerSocketChannelImpl.bind(Unknown Source)
	at sun.nio.ch.ServerSocketAdaptor.bind(Unknown Source)
	at org.apache.tomcat.util.net.NioEndpoint.bind(NioEndpoint.java:210)
	at org.apache.tomcat.util.net.AbstractEndpoint.start(AbstractEndpoint.java:990)
	at org.apache.coyote.AbstractProtocol.start(AbstractProtocol.java:635)
	at org.apache.catalina.connector.Connector.startInternal(Connector.java:1022)
	... 19 common frames omitted
2019-08-21 20:12:38,328 INFO org.apache.catalina.core.StandardService [restartedMain] Stopping service [Tomcat]
2019-08-21 20:12:38,446 ERROR org.springframework.boot.diagnostics.LoggingFailureAnalysisReporter [restartedMain] 

***************************
APPLICATION FAILED TO START
***************************

Description:

The Tomcat connector configured to listen on port 8081 failed to start. The port may already be in use or the connector may be misconfigured.

Action:

Verify the connector's configuration, identify and stop any process that's listening on port 8081, or configure this application to listen on another port.

